Output of c233e/input/input_1.in:
              A          
             / \         
    A     A +---+ A      
   / \   / \| o |/ \     
  /   \ +---+   +---+ A  
 /     \|     o     |/ \ 
+-------+           +---+
| o   o   o   o      | ||
+-----------------------+


Output of c233e/input/input_2.in:
      A      
     / \     
  A +---+ A  
 / \|   |/ \ 
+---+   +---+
|     o     |
|           |
| o   o     |
|           |
| o       o |
|           |
| o   o   o |
|           |
|     o   o |
|           |
| o  | |  o |
+-----------+


Output of c233e/input/input_3.in:
      A             A    
     / \           / \   
    /   \         /   \  
   /     \       /     \ 
  /       \     +-------+
 /         \    |     o |
+-----------+ A |       |
| o   o     |/ \| o   o |
|           +---+       |
| o  | |          o     |
+-----------------------+


Output of c233e/input/input_4.in:
      A                                                                                           A      
     / \                                                                                         / \     
    /   \                                             A                                         /   \    
   /     \                                           / \                                       /     \   
  /       \                         A               /   \               A                     /       \  
 /         \                       / \             /     \             / \                   /         \ 
+-----------+               A     /   \     A     /       \     A     /   \     A           +-----------+
|         o |              / \   /     \   / \   /         \   / \   /     \   / \          | o       o |
|           |             /   \ +-------+ /   \ +-----------+ /   \ +-------+ /   \         |           |
| o   o   o |            /     \|       |/     \| o   o   o |/     \| o   o |/     \        | o         |
|           |     A     +-------+       +-------+           +-------+       +-------+       |           |
|     o   o |    / \    | o               o   o   o   o               o   o   o   o |       |     o   o |
|           |   /   \   |                                                           |   A   |           |
|         o |  /     \  |             o   o   o   o           o   o   o   o       o |  / \  | o         |
|           | /       \ |                                                           | /   \ |           |
| o   o     |/         \| o       o       o       o       o   o   o           o   o |/     \|           |
|           +-----------+                                                           +-------+           |
| o       o   o   o   o                       o   o   o   o   o       o   o   o   o                   o |
|                                                                                                       |
|     o                   o           o   o          | |  o   o       o       o   o               o     |
+-------------------------------------------------------------------------------------------------------+


Output of c233e/input/input_5.in:
        A                        
       / \                       
      /   \           A          
     /     \         / \         
    /       \     A +---+ A      
   /         \   / \| o |/ \     
  /           \ +---+   +---+ A  
 /             \| o   o     |/ \ 
+---------------+           +---+
| o  | |  o   o   o   o   o     |
+-------------------------------+


