Output of c231e//input/challenge.in:
                                                 x                                                
                                                x x                                               
                                               x   x                                              
                                              x x x x                                             
                                             x       x                                            
                                            x x     x x                                           
                                           x   x   x   x                                          
                                          x x x x x x x x                                         
                                         x               x                                        
                                        x x             x x                                       
                                       x   x           x   x                                      
                                      x x x x         x x x x                                     
                                     x       x       x       x                                    
                                    x x     x x     x x     x x                                   
                                   x   x   x   x   x   x   x   x                                  
                                  x x x x x x x x x x x x x x x x                                 
                                 x                               x                                
                                x x                             x x                               
                               x   x                           x   x                              
                              x x x x                         x x x x                             
                             x       x                       x       x                            
                            x x     x x                     x x     x x                           
                           x   x   x   x                   x   x   x   x                          
                          x x x x x x x x                 x x x x x x x x                         
                         x               x               x               x                        
                        x x             x x             x x             x x                       


Output of c231e//input/input_1.in:
xx x x 
xx    x
xxx  x 
x xxx x
  x x  
 x   x 
x x x x
       
       
       
       
       
       
       
       
       
       
       
       
       
       
       
       
       
       
       


