Output of Challenge_233_Easy/input_1.in:
              A          
             / \         
    A     A +---+ A      
   / \   / \| o |/ \     
  /   \ +---+   +---+ A  
 /     \| o   o     |/ \ 
+-------+           +---+
| o  | |          o     |
+-----------------------+


Output of Challenge_233_Easy/input_2.in:
      A      
     / \     
  A +---+ A  
 / \| o |/ \ 
+---+   +---+
| o   o   o |
|           |
|           |
|           |
|     o   o |
|           |
| o       o |
|           |
|           |
|           |
| o  | |  o |
+-----------+


Output of Challenge_233_Easy/input_3.in:
      A             A    
     / \           / \   
    /   \         /   \  
   /     \       /     \ 
  /       \     +-------+
 /         \    |       |
+-----------+ A |       |
|           |/ \|     o |
|           +---+       |
|    | |              o |
+-----------------------+


Output of Challenge_233_Easy/input_4.in:
      A                                                                                           A      
     / \                                                                                         / \     
    /   \                                             A                                         /   \    
   /     \                                           / \                                       /     \   
  /       \                         A               /   \               A                     /       \  
 /         \                       / \             /     \             / \                   /         \ 
+-----------+               A     /   \     A     /       \     A     /   \     A           +-----------+
| o   o     |              / \   /     \   / \   /         \   / \   /     \   / \          |           |
|           |             /   \ +-------+ /   \ +-----------+ /   \ +-------+ /   \         |           |
|     o     |            /     \| o   o |/     \|           |/     \| o     |/     \        | o   o     |
|           |     A     +-------+       +-------+           +-------+       +-------+       |           |
| o         |    / \    | o           o   o   o   o       o   o   o   o   o   o     |       |     o     |
|           |   /   \   |                                                           |   A   |           |
| o         |  /     \  |                 o           o       o               o   o |  / \  |           |
|           | /       \ |                                                           | /   \ |           |
|           |/         \|     o       o   o   o   o   o   o   o                     |/     \|           |
|           +-----------+                                                           +-------+           |
|         o   o   o   o               o   o   o   o   o           o       o               o   o         |
|                                                                                                       |
|     o   o   o   o       o   o       o   o   o       o       o   o                       o   o   o  | ||
+-------------------------------------------------------------------------------------------------------+


Output of Challenge_233_Easy/input_5.in:
        A                        
       / \                       
      /   \           A          
     /     \         / \         
    /       \     A +---+ A      
   /         \   / \| o |/ \     
  /           \ +---+   +---+ A  
 /             \|     o     |/ \ 
+---------------+           +---+
| o   o   o       o   o  | |  o |
+-------------------------------+


